<?xml version="1.0" encoding="UTF-8"?>
<!-- Generated by org.testng.reporters.JUnitXMLReporter -->
<testsuite hostname="DESKTOP-MB5MFQ9" name="Validating RadionCheckbox" tests="3" failures="0" timestamp="10 Sep 2021 16:59:04 GMT" time="11.676" errors="0">
  <testcase name="validateCheckBox" time="0.4" classname="Automation.validateRadionCheckbox"/>
  <testcase name="validateRadiobutton" time="0.224" classname="Automation.validateRadionCheckbox"/>
  <testcase name="validateTravelDropDown" time="0.157" classname="Automation.validateRadionCheckbox"/>
</testsuite> <!-- Validating RadionCheckbox -->
