<?xml version="1.0" encoding="UTF-8"?>
<testng-results skipped="0" failed="0" total="1" passed="1">
  <reporter-output>
  </reporter-output>
  <suite name="Default suite" duration-ms="1180" started-at="2021-09-13T05:29:59Z" finished-at="2021-09-13T05:30:00Z">
    <groups>
      <group name="cucumber">
        <method signature="AbstractTestNGCucumberTests.feature(cucumber.api.testng.CucumberFeatureWrapper)[pri:0, instance:cucumberOptions.TestRunner@3b07a0d6]" name="feature" class="cucumber.api.testng.AbstractTestNGCucumberTests"/>
      </group> <!-- cucumber -->
    </groups>
    <test name="Default test" duration-ms="1180" started-at="2021-09-13T05:29:59Z" finished-at="2021-09-13T05:30:00Z">
      <class name="cucumberOptions.TestRunner">
        <test-method status="PASS" signature="setUpClass()[pri:0, instance:cucumberOptions.TestRunner@3b07a0d6]" name="setUpClass" is-config="true" duration-ms="864" started-at="2021-09-13T10:59:59Z" finished-at="2021-09-13T11:00:00Z">
          <reporter-output>
          </reporter-output>
        </test-method> <!-- setUpClass -->
        <test-method status="PASS" signature="feature(cucumber.api.testng.CucumberFeatureWrapper)[pri:0, instance:cucumberOptions.TestRunner@3b07a0d6]" name="feature" duration-ms="24" started-at="2021-09-13T11:00:00Z" description="Runs Cucumber Feature" data-provider="features" finished-at="2021-09-13T11:00:00Z">
          <params>
            <param index="0">
              <value>
                <![CDATA[To check Ajax/Mouse over action on amazon site]]>
              </value>
            </param>
          </params>
          <reporter-output>
          </reporter-output>
        </test-method> <!-- feature -->
        <test-method status="PASS" signature="tearDownClass()[pri:0, instance:cucumberOptions.TestRunner@3b07a0d6]" name="tearDownClass" is-config="true" duration-ms="38" started-at="2021-09-13T11:00:00Z" finished-at="2021-09-13T11:00:00Z">
          <reporter-output>
          </reporter-output>
        </test-method> <!-- tearDownClass -->
      </class> <!-- cucumberOptions.TestRunner -->
    </test> <!-- Default test -->
  </suite> <!-- Default suite -->
</testng-results>
